app/build/intermediates/manifest_merge_blame_file/debug/manifest-merger-blame-debug-report.txt
1<?xml version="1.0" encoding="utf-8"?>
2<manifest xmlns:android="http://schemas.android.com/apk/res/android"
3    package="com.google.firebase.codelab.mlkit"
4    android:versionCode="1"
5    android:versionName="1.0" >
6
7    <uses-sdk
8        android:minSdkVersion="19"
8-->src\main\AndroidManifest.xml
9        android:targetSdkVersion="28" />
9-->src\main\AndroidManifest.xml
10
11    <uses-permission android:name="android.permission.INTERNET" />
11-->src\main\AndroidManifest.xml:6:5-66
11-->src\main\AndroidManifest.xml:6:22-64
12    <uses-permission
12-->src\main\AndroidManifest.xml:7:5-8:38
13        android:name="android.permission.WRITE_EXTERNAL_STORAGE"
13-->src\main\AndroidManifest.xml:7:22-78
14        android:maxSdkVersion="18" />
14-->src\main\AndroidManifest.xml:8:9-35
15    <uses-permission
15-->src\main\AndroidManifest.xml:9:5-10:38
16        android:name="android.permission.READ_EXTERNAL_STORAGE"
16-->src\main\AndroidManifest.xml:9:22-77
17        android:maxSdkVersion="18" />
17-->src\main\AndroidManifest.xml:10:9-35
18    <uses-permission android:name="android.permission.ACCESS_NETWORK_STATE" />
18-->[com.google.firebase:firebase-iid:17.0.3] AndroidManifest.xml:22:5-79
18-->[com.google.firebase:firebase-iid:17.0.3] AndroidManifest.xml:22:22-76
19    <uses-permission android:name="android.permission.WAKE_LOCK" /> <!-- Required by older versions of Google Play services to create IID tokens -->
19-->[com.google.firebase:firebase-iid:17.0.3] AndroidManifest.xml:24:5-68
19-->[com.google.firebase:firebase-iid:17.0.3] AndroidManifest.xml:24:22-65
20    <uses-permission android:name="com.google.android.c2dm.permission.RECEIVE" />
20-->[com.google.firebase:firebase-iid:17.0.3] AndroidManifest.xml:26:5-82
20-->[com.google.firebase:firebase-iid:17.0.3] AndroidManifest.xml:26:22-79
21
22    <application
22-->src\main\AndroidManifest.xml:11:5-28:19
23        android:allowBackup="true"
23-->src\main\AndroidManifest.xml:12:9-35
24        android:appComponentFactory="android.support.v4.app.CoreComponentFactory"
24-->[com.android.support:support-compat:28.0.0] AndroidManifest.xml:22:18-91
25        android:debuggable="true"
26        android:icon="@mipmap/ic_launcher"
26-->src\main\AndroidManifest.xml:13:9-43
27        android:label="@string/app_name"
27-->src\main\AndroidManifest.xml:14:9-41
28        android:roundIcon="@mipmap/ic_launcher_round"
28-->src\main\AndroidManifest.xml:15:9-54
29        android:supportsRtl="true"
29-->src\main\AndroidManifest.xml:16:9-35
30        android:theme="@style/AppTheme" >
30-->src\main\AndroidManifest.xml:17:9-40
31        <activity
31-->src\main\AndroidManifest.xml:19:9-27:20
32            android:name="com.google.firebase.codelab.mlkit.MainActivity"
32-->src\main\AndroidManifest.xml:19:19-47
33            android:configChanges="keyboardHidden|orientation|screenSize"
33-->src\main\AndroidManifest.xml:21:13-74
34            android:screenOrientation="portrait" >
34-->src\main\AndroidManifest.xml:20:13-49
35            <intent-filter>
35-->src\main\AndroidManifest.xml:22:13-26:29
36                <action android:name="android.intent.action.MAIN" />
36-->src\main\AndroidManifest.xml:23:17-69
36-->src\main\AndroidManifest.xml:23:25-66
37
38                <category android:name="android.intent.category.LAUNCHER" />
38-->src\main\AndroidManifest.xml:25:17-77
38-->src\main\AndroidManifest.xml:25:27-74
39            </intent-filter>
40        </activity>
41        <activity
41-->[com.karumi:dexter:5.0.0] AndroidManifest.xml:27:9-29:72
42            android:name="com.karumi.dexter.DexterActivity"
42-->[com.karumi:dexter:5.0.0] AndroidManifest.xml:28:13-60
43            android:theme="@style/Dexter.Internal.Theme.Transparent" />
43-->[com.karumi:dexter:5.0.0] AndroidManifest.xml:29:13-69
44
45        <service
45-->[com.google.firebase:firebase-iid:17.0.3] AndroidManifest.xml:29:9-35:19
46            android:name="com.google.firebase.components.ComponentDiscoveryService"
46-->[com.google.firebase:firebase-iid:17.0.3] AndroidManifest.xml:30:13-84
47            android:exported="false" >
47-->[com.google.firebase:firebase-iid:17.0.3] AndroidManifest.xml:31:13-37
48            <meta-data
48-->[com.google.firebase:firebase-iid:17.0.3] AndroidManifest.xml:32:13-34:85
49                android:name="com.google.firebase.components:com.google.firebase.iid.Registrar"
49-->[com.google.firebase:firebase-iid:17.0.3] AndroidManifest.xml:33:17-96
50                android:value="com.google.firebase.components.ComponentRegistrar" />
50-->[com.google.firebase:firebase-iid:17.0.3] AndroidManifest.xml:34:17-82
51        </service>
52
53        <receiver
53-->[com.google.firebase:firebase-iid:17.0.3] AndroidManifest.xml:37:9-44:20
54            android:name="com.google.firebase.iid.FirebaseInstanceIdReceiver"
54-->[com.google.firebase:firebase-iid:17.0.3] AndroidManifest.xml:38:13-78
55            android:exported="true"
55-->[com.google.firebase:firebase-iid:17.0.3] AndroidManifest.xml:39:13-36
56            android:permission="com.google.android.c2dm.permission.SEND" >
56-->[com.google.firebase:firebase-iid:17.0.3] AndroidManifest.xml:40:13-73
57            <intent-filter>
57-->[com.google.firebase:firebase-iid:17.0.3] AndroidManifest.xml:41:13-43:29
58                <action android:name="com.google.android.c2dm.intent.RECEIVE" />
58-->[com.google.firebase:firebase-iid:17.0.3] AndroidManifest.xml:42:17-81
58-->[com.google.firebase:firebase-iid:17.0.3] AndroidManifest.xml:42:25-78
59            </intent-filter>
60        </receiver>
61        <!--
62             FirebaseInstanceIdService performs security checks at runtime,
63             no need for explicit permissions despite exported="true"
64        -->
65        <service
65-->[com.google.firebase:firebase-iid:17.0.3] AndroidManifest.xml:50:9-56:19
66            android:name="com.google.firebase.iid.FirebaseInstanceIdService"
66-->[com.google.firebase:firebase-iid:17.0.3] AndroidManifest.xml:51:13-77
67            android:exported="true" >
67-->[com.google.firebase:firebase-iid:17.0.3] AndroidManifest.xml:52:13-36
68            <intent-filter android:priority="-500" >
68-->[com.google.firebase:firebase-iid:17.0.3] AndroidManifest.xml:53:13-55:29
68-->[com.google.firebase:firebase-iid:17.0.3] AndroidManifest.xml:53:28-51
69                <action android:name="com.google.firebase.INSTANCE_ID_EVENT" />
69-->[com.google.firebase:firebase-iid:17.0.3] AndroidManifest.xml:54:17-80
69-->[com.google.firebase:firebase-iid:17.0.3] AndroidManifest.xml:54:25-77
70            </intent-filter>
71        </service>
72
73        <activity
73-->[com.google.android.gms:play-services-base:16.0.1] AndroidManifest.xml:23:9-26:75
74            android:name="com.google.android.gms.common.api.GoogleApiActivity"
74-->[com.google.android.gms:play-services-base:16.0.1] AndroidManifest.xml:24:13-79
75            android:exported="false"
75-->[com.google.android.gms:play-services-base:16.0.1] AndroidManifest.xml:25:13-37
76            android:theme="@android:style/Theme.Translucent.NoTitleBar" />
76-->[com.google.android.gms:play-services-base:16.0.1] AndroidManifest.xml:26:13-72
77
78        <provider
78-->[com.google.firebase:firebase-common:16.0.3] AndroidManifest.xml:10:9-14:39
79            android:name="com.google.firebase.provider.FirebaseInitProvider"
79-->[com.google.firebase:firebase-common:16.0.3] AndroidManifest.xml:11:13-77
80            android:authorities="com.google.firebase.codelab.mlkit.firebaseinitprovider"
80-->[com.google.firebase:firebase-common:16.0.3] AndroidManifest.xml:12:13-72
81            android:exported="false"
81-->[com.google.firebase:firebase-common:16.0.3] AndroidManifest.xml:13:13-37
82            android:initOrder="100" />
82-->[com.google.firebase:firebase-common:16.0.3] AndroidManifest.xml:14:13-36
83
84        <meta-data
84-->[com.google.android.gms:play-services-basement:16.1.0] AndroidManifest.xml:23:9-25:69
85            android:name="com.google.android.gms.version"
85-->[com.google.android.gms:play-services-basement:16.1.0] AndroidManifest.xml:24:13-58
86            android:value="@integer/google_play_services_version" />
86-->[com.google.android.gms:play-services-basement:16.1.0] AndroidManifest.xml:25:13-66
87    </application>
88
89</manifest>